SF:lib\data\models\model_data.dart
DA:9,0
DA:16,0
DA:17,0
DA:18,0
DA:19,0
DA:20,0
DA:21,0
DA:25,0
DA:26,0
DA:27,0
DA:28,0
DA:29,0
DA:30,0
DA:43,1
DA:52,0
DA:53,0
DA:54,0
DA:55,0
DA:56,0
DA:57,0
DA:58,0
DA:59,0
DA:63,0
DA:64,0
DA:65,0
DA:66,0
DA:67,0
DA:68,0
DA:69,0
DA:70,0
DA:74,1
DA:82,1
DA:83,1
DA:84,1
DA:85,1
DA:86,0
DA:87,1
DA:88,1
DA:106,1
DA:118,0
DA:119,0
DA:120,0
DA:121,0
DA:122,0
DA:123,0
DA:124,0
DA:125,0
DA:126,0
DA:127,0
DA:128,0
DA:132,0
DA:133,0
DA:134,0
DA:135,0
DA:136,0
DA:137,0
DA:138,0
DA:140,0
DA:141,0
DA:142,0
DA:143,0
DA:144,0
LF:62
LH:9
end_of_record
SF:lib\data\repositories\repo_data.dart
DA:16,0
DA:18,0
DA:19,0
DA:20,0
DA:22,0
DA:23,0
DA:33,0
DA:35,0
DA:36,0
DA:38,0
DA:44,0
DA:46,0
DA:47,0
DA:50,0
DA:52,0
DA:54,0
DA:55,0
DA:61,0
DA:63,0
DA:64,0
DA:67,0
DA:70,0
DA:71,0
DA:75,0
DA:81,0
DA:83,0
DA:84,0
DA:86,0
DA:88,0
DA:91,0
DA:98,0
DA:101,0
DA:102,0
DA:107,0
DA:109,0
DA:110,0
DA:111,0
DA:112,0
DA:113,0
DA:114,0
DA:115,0
DA:116,0
DA:119,0
DA:121,0
DA:122,0
DA:132,0
DA:134,0
DA:135,0
DA:137,0
DA:146,0
DA:148,0
DA:149,0
DA:152,0
DA:156,0
DA:158,0
DA:159,0
DA:164,0
DA:166,0
DA:167,0
DA:170,0
DA:173,0
DA:174,0
DA:178,0
DA:184,0
DA:186,0
DA:187,0
DA:190,0
DA:193,0
DA:200,0
DA:203,0
DA:204,0
DA:215,0
DA:217,0
DA:218,0
DA:219,0
DA:220,0
DA:221,0
DA:222,0
DA:224,0
DA:226,0
DA:227,0
DA:233,0
DA:235,0
DA:236,0
DA:244,0
DA:246,0
DA:247,0
DA:250,0
DA:251,0
DA:261,0
DA:263,0
DA:264,0
DA:269,0
DA:271,0
DA:273,0
DA:280,0
DA:282,0
DA:283,0
DA:288,0
DA:290,0
DA:292,0
DA:299,0
DA:301,0
DA:302,0
DA:303,0
DA:305,0
DA:312,0
DA:314,0
DA:315,0
DA:316,0
DA:318,0
DA:324,0
DA:325,0
DA:339,0
DA:341,0
DA:342,0
DA:347,0
DA:349,0
DA:351,0
DA:358,0
DA:360,0
DA:361,0
DA:364,0
DA:367,0
DA:369,0
DA:380,0
DA:382,0
DA:383,0
DA:389,0
DA:391,0
DA:392,0
DA:393,0
DA:394,0
DA:399,0
DA:400,0
DA:406,0
DA:412,0
DA:413,0
DA:421,0
DA:423,0
DA:424,0
DA:427,0
DA:429,0
DA:430,0
LF:144
LH:0
end_of_record
SF:lib\data\services\service_data.dart
DA:8,1
DA:9,0
DA:12,0
DA:13,0
DA:17,1
DA:18,2
DA:21,2
DA:22,2
DA:29,1
DA:37,2
DA:39,1
DA:42,1
DA:49,1
DA:50,1
DA:53,2
DA:55,1
DA:56,2
DA:57,1
DA:59,2
DA:61,1
DA:63,1
DA:64,1
DA:67,2
DA:68,1
DA:70,1
DA:76,1
DA:84,2
DA:86,0
DA:89,2
DA:90,1
DA:93,1
DA:100,1
DA:101,1
DA:104,2
DA:106,1
DA:107,2
DA:108,1
DA:110,2
DA:112,1
DA:114,1
DA:115,1
DA:118,2
DA:119,1
DA:121,1
LF:44
LH:40
end_of_record
SF:lib\data\database_helper.dart
DA:9,0
DA:13,0
DA:16,0
DA:20,0
DA:22,0
DA:27,0
DA:29,0
DA:31,0
DA:34,0
DA:35,0
DA:40,0
DA:41,0
DA:44,0
DA:56,0
DA:66,0
DA:81,0
DA:98,0
DA:102,0
DA:103,0
DA:104,0
DA:105,0
DA:106,0
DA:107,0
DA:108,0
DA:109,0
DA:110,0
DA:111,0
DA:112,0
DA:115,0
DA:116,0
DA:117,0
DA:118,0
DA:125,0
DA:126,0
DA:127,0
DA:132,0
DA:133,0
DA:136,0
DA:150,0
DA:152,0
DA:156,0
DA:157,0
DA:166,0
DA:171,0
DA:172,0
DA:175,0
DA:178,0
DA:181,0
DA:183,0
DA:185,0
DA:191,0
DA:193,0
DA:196,0
DA:207,0
DA:208,0
DA:209,0
DA:212,0
DA:215,0
DA:223,0
DA:224,0
DA:225,0
DA:228,0
DA:231,0
DA:235,0
DA:236,0
DA:237,0
DA:240,0
DA:246,0
DA:248,0
DA:249,0
DA:259,0
DA:261,0
DA:269,0
DA:270,0
DA:271,0
DA:273,0
DA:275,0
DA:278,0
DA:283,0
DA:284,0
DA:285,0
DA:287,0
DA:289,0
DA:292,0
DA:293,0
DA:304,0
DA:305,0
DA:306,0
DA:311,0
DA:313,0
DA:321,0
DA:322,0
DA:323,0
DA:332,0
DA:334,0
DA:343,0
DA:344,0
DA:345,0
DA:350,0
DA:352,0
LF:100
LH:0
end_of_record
